Arguments: 
  /home/ronier/.nvm/versions/node/v16.15.0/bin/node /home/ronier/.yarn/bin/yarn.js

PATH: 
  /home/ronier/.nvm/versions/node/v16.15.0/bin:/home/ronier/.yarn/bin:/home/ronier/.config/yarn/global/node_modules/.bin:/home/ronier/gems/bin:/home/ronier/.zinit/polaris/bin:/usr/local/sbin:/usr/local/bin:/usr/sbin:/usr/bin:/sbin:/bin:/usr/games:/usr/local/games:/snap/bin:/snap/bin

Yarn version: 
  1.22.17

Node version: 
  16.15.0

Platform: 
  linux x64

Trace: 
  SyntaxError: /home/ronier/dev/eco-dev/package.json: Unexpected token } in JSON at position 953
      at JSON.parse (<anonymous>)
      at /home/ronier/.yarn/lib/cli.js:1625:59
      at Generator.next (<anonymous>)
      at step (/home/ronier/.yarn/lib/cli.js:310:30)
      at /home/ronier/.yarn/lib/cli.js:321:13

npm manifest: 
  {
      "name": "ecos-modeling",
      "version": "0.1.0",
      "private": true,
      "scripts": {
          "serve": "vue-cli-service serve",
          "build": "vue-cli-service build",
          "lint": "vue-cli-service lint"
      },
      "dependencies": {
          "axios": "^0.27.2",
          "core-js": "^3.9.0",
          "file-saver": "^2.0.5",
          "material-design-icons": "^3.0.1",
          "mxgraph": "^4.2.2",
          "save-svg-as-png": "^1.4.17",
          "vue": "^2.6.12",
          "vue-router": "^3.5.1",
          "xml-js": "^1.6.11",
          "xmlhttprequest": "^1.8.0"
      },
      "devDependencies": {
          "@mdi/font": "^4.8.95",
          "@vue/cli-plugin-babel": "^4.5.11",
          "@vue/cli-plugin-eslint": "^4.5.11",
          "@vue/cli-service": "^4.5.11",
          "babel-eslint": "^10.1.0",
          "eslint": "^5.16.0",
          "eslint-plugin-vue": "^5.0.0",
          "vue-cli-plugin-vuetify": "^2.0.3",
          "vue-template-compiler": "^2.6.12",
      },
      "eslintConfig": {
          "root": true,
          "env": {
              "node": true
          },
          "extends": [
              "plugin:vue/essential",
              "eslint:recommended"
          ],
          "rules": {},
          "parserOptions": {
              "parser": "babel-eslint"
          }
      },
      "postcss": {
          "plugins": {
              "autoprefixer": {}
          }
      },
      "browserslist": [
          "> 1%",
          "last 2 versions"
      ]
  }

yarn manifest: 
  No manifest

Lockfile: 
  No lockfile
